2025-02-19 19:21:35,789 DEBUG Horse: створення Horse, ім'я [Albert], швидкість [0.0]
2025-02-19 19:21:35,932 ERROR Horse: Name is blank
2025-02-19 19:21:35,950 ERROR Horse: Name is blank
2025-02-19 19:21:35,960 ERROR Horse: Name is blank
2025-02-19 19:21:35,967 ERROR Horse: Name is blank
2025-02-19 19:21:37,765 DEBUG Horse: створення Horse, ім'я [Albert], швидкість [50.0]
2025-02-19 19:21:37,898 DEBUG Horse: створення Horse, ім'я [Albert], швидкість [50.0]
2025-02-19 19:21:37,922 DEBUG Horse: створення Horse, ім'я [Albert], швидкість [50.0]
2025-02-19 19:21:37,936 DEBUG Horse: створення Horse, ім'я [Albert], швидкість [0.0]
2025-02-19 19:21:37,948 DEBUG Horse: створення Horse, ім'я [Albert], швидкість [50.0]
2025-02-19 19:21:38,019 ERROR Horse: Name is null
2025-02-19 19:21:38,024 ERROR Horse: Speed is negative
2025-02-19 19:21:38,028 ERROR Horse: Distance is negative
2025-02-19 19:21:38,083 DEBUG Horse: створення Horse, ім'я [Albert], швидкість [0.0]
2025-02-19 19:21:45,662 ERROR Hippodrome: Horses list is null
2025-02-19 19:21:45,697 ERROR Hippodrome: Horses list is empty
2025-02-19 19:21:48,257 DEBUG Hippodrome: створення Hippodrome, коней [50]
2025-02-19 19:21:48,399 DEBUG Horse: створення Horse, ім'я [Horse 0], швидкість [10.0]
2025-02-19 19:21:48,399 DEBUG Horse: створення Horse, ім'я [Horse 1], швидкість [11.0]
2025-02-19 19:21:48,400 DEBUG Horse: створення Horse, ім'я [Horse 2], швидкість [12.0]
2025-02-19 19:21:48,400 DEBUG Horse: створення Horse, ім'я [Horse 3], швидкість [13.0]
2025-02-19 19:21:48,400 DEBUG Horse: створення Horse, ім'я [Horse 4], швидкість [14.0]
2025-02-19 19:21:48,400 DEBUG Horse: створення Horse, ім'я [Horse 5], швидкість [15.0]
2025-02-19 19:21:48,400 DEBUG Horse: створення Horse, ім'я [Horse 6], швидкість [16.0]
2025-02-19 19:21:48,400 DEBUG Horse: створення Horse, ім'я [Horse 7], швидкість [17.0]
2025-02-19 19:21:48,401 DEBUG Horse: створення Horse, ім'я [Horse 8], швидкість [18.0]
2025-02-19 19:21:48,401 DEBUG Horse: створення Horse, ім'я [Horse 9], швидкість [19.0]
2025-02-19 19:21:48,401 DEBUG Horse: створення Horse, ім'я [Horse 10], швидкість [20.0]
2025-02-19 19:21:48,401 DEBUG Horse: створення Horse, ім'я [Horse 11], швидкість [21.0]
2025-02-19 19:21:48,401 DEBUG Horse: створення Horse, ім'я [Horse 12], швидкість [22.0]
2025-02-19 19:21:48,401 DEBUG Horse: створення Horse, ім'я [Horse 13], швидкість [23.0]
2025-02-19 19:21:48,402 DEBUG Horse: створення Horse, ім'я [Horse 14], швидкість [24.0]
2025-02-19 19:21:48,402 DEBUG Horse: створення Horse, ім'я [Horse 15], швидкість [25.0]
2025-02-19 19:21:48,402 DEBUG Horse: створення Horse, ім'я [Horse 16], швидкість [26.0]
2025-02-19 19:21:48,402 DEBUG Horse: створення Horse, ім'я [Horse 17], швидкість [27.0]
2025-02-19 19:21:48,402 DEBUG Horse: створення Horse, ім'я [Horse 18], швидкість [28.0]
2025-02-19 19:21:48,404 DEBUG Horse: створення Horse, ім'я [Horse 19], швидкість [29.0]
2025-02-19 19:21:48,404 DEBUG Horse: створення Horse, ім'я [Horse 20], швидкість [30.0]
2025-02-19 19:21:48,404 DEBUG Horse: створення Horse, ім'я [Horse 21], швидкість [31.0]
2025-02-19 19:21:48,405 DEBUG Horse: створення Horse, ім'я [Horse 22], швидкість [32.0]
2025-02-19 19:21:48,405 DEBUG Horse: створення Horse, ім'я [Horse 23], швидкість [33.0]
2025-02-19 19:21:48,405 DEBUG Horse: створення Horse, ім'я [Horse 24], швидкість [34.0]
2025-02-19 19:21:48,405 DEBUG Horse: створення Horse, ім'я [Horse 25], швидкість [35.0]
2025-02-19 19:21:48,405 DEBUG Horse: створення Horse, ім'я [Horse 26], швидкість [36.0]
2025-02-19 19:21:48,406 DEBUG Horse: створення Horse, ім'я [Horse 27], швидкість [37.0]
2025-02-19 19:21:48,406 DEBUG Horse: створення Horse, ім'я [Horse 28], швидкість [38.0]
2025-02-19 19:21:48,406 DEBUG Horse: створення Horse, ім'я [Horse 29], швидкість [39.0]
2025-02-19 19:21:48,406 DEBUG Hippodrome: створення Hippodrome, коней [30]
2025-02-19 19:21:48,411 DEBUG Horse: створення Horse, ім'я [Alpha], швидкість [10.0]
2025-02-19 19:21:48,412 DEBUG Horse: створення Horse, ім'я [Gamma], швидкість [12.0]
2025-02-19 19:21:48,412 DEBUG Horse: створення Horse, ім'я [Betta], швидкість [15.0]
2025-02-19 19:21:48,412 DEBUG Hippodrome: створення Hippodrome, коней [3]
2025-02-19 19:21:58,421 DEBUG Horse: створення Horse, ім'я [Bucephalus], швидкість [2.4]
2025-02-19 19:21:58,425 DEBUG Horse: створення Horse, ім'я [Ace of Spades], швидкість [2.5]
2025-02-19 19:21:58,425 DEBUG Horse: створення Horse, ім'я [Zephyr], швидкість [2.6]
2025-02-19 19:21:58,426 DEBUG Horse: створення Horse, ім'я [Blaze], швидкість [2.7]
2025-02-19 19:21:58,426 DEBUG Horse: створення Horse, ім'я [Lobster], швидкість [2.8]
2025-02-19 19:21:58,426 DEBUG Horse: створення Horse, ім'я [Pegasus], швидкість [2.9]
2025-02-19 19:21:58,426 DEBUG Horse: створення Horse, ім'я [Cherry], швидкість [3.0]
2025-02-19 19:21:58,428 DEBUG Hippodrome: створення Hippodrome, коней [7]
2025-02-19 19:21:58,428 INFO  Main: Початок стрибків. Кількість учасників: 7
2025-02-19 19:22:47,068 DEBUG Horse: створення Horse, ім'я [Bucephalus], швидкість [2.4]
2025-02-19 19:22:47,072 DEBUG Horse: створення Horse, ім'я [Ace of Spades], швидкість [2.5]
2025-02-19 19:22:47,072 DEBUG Horse: створення Horse, ім'я [Zephyr], швидкість [2.6]
2025-02-19 19:22:47,072 DEBUG Horse: створення Horse, ім'я [Blaze], швидкість [2.7]
2025-02-19 19:22:47,072 DEBUG Horse: створення Horse, ім'я [Lobster], швидкість [2.8]
2025-02-19 19:22:47,073 DEBUG Horse: створення Horse, ім'я [Pegasus], швидкість [2.9]
2025-02-19 19:22:47,073 DEBUG Horse: створення Horse, ім'я [Cherry], швидкість [3.0]
2025-02-19 19:22:47,074 DEBUG Hippodrome: створення Hippodrome, коней [7]
2025-02-19 19:22:47,074 INFO  Main: Початок стрибків. Кількість учасників: 7
2025-02-19 19:23:07,698 INFO  Main: Закінчення стрибків. Переможець: Cherry
2025-02-19 19:23:30,985 DEBUG Horse: створення Horse, ім'я [Bucephalus], швидкість [2.4]
2025-02-19 19:23:30,988 DEBUG Horse: створення Horse, ім'я [Ace of Spades], швидкість [2.5]
2025-02-19 19:23:30,989 DEBUG Horse: створення Horse, ім'я [Zephyr], швидкість [2.6]
2025-02-19 19:23:30,989 DEBUG Horse: створення Horse, ім'я [Blaze], швидкість [2.7]
2025-02-19 19:23:30,989 DEBUG Horse: створення Horse, ім'я [Lobster], швидкість [2.8]
2025-02-19 19:23:30,989 DEBUG Horse: створення Horse, ім'я [Pegasus], швидкість [2.9]
2025-02-19 19:23:30,990 DEBUG Horse: створення Horse, ім'я [Cherry], швидкість [3.0]
2025-02-19 19:23:30,991 DEBUG Hippodrome: створення Hippodrome, коней [7]
2025-02-19 19:23:30,992 INFO  Main: Початок стрибків. Кількість учасників: 7
2025-02-19 19:23:51,518 INFO  Main: Закінчення стрибків. Переможець: Cherry
